2025-09-11 14:36:39,994 [INFO] org.study.SpringStarter.SpringStarterApplication [restartedMain] Starting SpringStarterApplication using Java 17.0.13 with PID 11092 (D:\dev-spring-boot\Adding template to spring boot\target\classes started by Aditya in D:\dev-spring-boot\Adding template to spring boot)
2025-09-11 14:36:40,089 [DEBUG] org.study.SpringStarter.SpringStarterApplication [restartedMain] Running with Spring Boot v3.5.4, Spring v6.2.9
2025-09-11 14:36:40,132 [INFO] org.study.SpringStarter.SpringStarterApplication [restartedMain] No active profile set, falling back to 1 default profile: "default"
2025-09-11 14:36:40,374 [INFO] org.springframework.boot.devtools.env.DevToolsPropertyDefaultsPostProcessor [restartedMain] Devtools property defaults active! Set 'spring.devtools.add-properties' to 'false' to disable
2025-09-11 14:36:40,387 [INFO] org.springframework.boot.devtools.env.DevToolsPropertyDefaultsPostProcessor [restartedMain] For additional web related logging consider setting the 'logging.level.web' property to 'DEBUG'
2025-09-11 14:36:44,897 [INFO] org.springframework.data.repository.config.RepositoryConfigurationDelegate [restartedMain] Bootstrapping Spring Data JPA repositories in DEFAULT mode.
2025-09-11 14:36:45,078 [INFO] org.springframework.data.repository.config.RepositoryConfigurationDelegate [restartedMain] Finished Spring Data repository scanning in 147 ms. Found 3 JPA repository interfaces.
2025-09-11 14:36:46,995 [INFO] org.springframework.boot.web.embedded.tomcat.TomcatWebServer [restartedMain] Tomcat initialized with port 8080 (http)
2025-09-11 14:36:47,021 [INFO] org.apache.catalina.core.StandardService [restartedMain] Starting service [Tomcat]
2025-09-11 14:36:47,026 [INFO] org.apache.catalina.core.StandardEngine [restartedMain] Starting Servlet engine: [Apache Tomcat/10.1.43]
2025-09-11 14:36:47,170 [INFO] org.apache.catalina.core.ContainerBase.[Tomcat].[localhost].[/] [restartedMain] Initializing Spring embedded WebApplicationContext
2025-09-11 14:36:47,171 [INFO] org.springframework.boot.web.servlet.context.ServletWebServerApplicationContext [restartedMain] Root WebApplicationContext: initialization completed in 6772 ms
2025-09-11 14:36:47,903 [INFO] org.hibernate.jpa.internal.util.LogHelper [restartedMain] HHH000204: Processing PersistenceUnitInfo [name: default]
2025-09-11 14:36:48,114 [INFO] org.hibernate.Version [restartedMain] HHH000412: Hibernate ORM core version 6.6.22.Final
2025-09-11 14:36:48,254 [INFO] org.hibernate.cache.internal.RegionFactoryInitiator [restartedMain] HHH000026: Second-level cache disabled
2025-09-11 14:36:49,396 [INFO] org.springframework.orm.jpa.persistenceunit.SpringPersistenceUnitInfo [restartedMain] No LoadTimeWeaver setup: ignoring JPA class transformer
2025-09-11 14:36:49,500 [INFO] com.zaxxer.hikari.HikariDataSource [restartedMain] HikariPool-1 - Starting...
2025-09-11 14:36:50,172 [INFO] com.zaxxer.hikari.pool.HikariPool [restartedMain] HikariPool-1 - Added connection conn0: url=jdbc:h2:file:./db/blogdb user=ADMIN
2025-09-11 14:36:50,179 [INFO] com.zaxxer.hikari.HikariDataSource [restartedMain] HikariPool-1 - Start completed.
2025-09-11 14:36:50,251 [WARN] org.hibernate.orm.deprecation [restartedMain] HHH90000025: H2Dialect does not need to be specified explicitly using 'hibernate.dialect' (remove the property setting and it will be selected by default)
2025-09-11 14:36:50,319 [INFO] org.hibernate.orm.connections.pooling [restartedMain] HHH10001005: Database info:
	Database JDBC URL [Connecting through datasource 'HikariDataSource (HikariPool-1)']
	Database driver: undefined/unknown
	Database version: 2.3.232
	Autocommit mode: undefined/unknown
	Isolation level: undefined/unknown
	Minimum pool size: undefined/unknown
	Maximum pool size: undefined/unknown
2025-09-11 14:36:53,711 [INFO] org.hibernate.engine.transaction.jta.platform.internal.JtaPlatformInitiator [restartedMain] HHH000489: No JTA platform available (set 'hibernate.transaction.jta.platform' to enable JTA platform integration)
2025-09-11 14:36:53,944 [INFO] org.springframework.orm.jpa.LocalContainerEntityManagerFactoryBean [restartedMain] Initialized JPA EntityManagerFactory for persistence unit 'default'
2025-09-11 14:36:56,215 [WARN] org.springframework.boot.autoconfigure.orm.jpa.JpaBaseConfiguration$JpaWebConfiguration [restartedMain] spring.jpa.open-in-view is enabled by default. Therefore, database queries may be performed during view rendering. Explicitly configure spring.jpa.open-in-view to disable this warning
2025-09-11 14:36:57,678 [INFO] org.springframework.boot.actuate.endpoint.web.EndpointLinksResolver [restartedMain] Exposing 1 endpoint beneath base path '/actuator'
2025-09-11 14:36:57,844 [INFO] org.springframework.security.config.annotation.authentication.configuration.InitializeUserDetailsBeanManagerConfigurer$InitializeUserDetailsManagerConfigurer [restartedMain] Global AuthenticationManager configured with UserDetailsService bean with name accountService
2025-09-11 14:36:58,546 [WARN] org.springframework.security.config.annotation.web.builders.WebSecurityFilterChainValidator [restartedMain] Usage of authorizeRequests is deprecated. Please use authorizeHttpRequests in the configuration
2025-09-11 14:36:58,571 [WARN] org.springframework.security.config.annotation.web.builders.WebSecurityFilterChainValidator [restartedMain] Usage of authorizeRequests is deprecated. Please use authorizeHttpRequests in the configuration
2025-09-11 14:36:58,584 [WARN] org.springframework.security.config.annotation.web.builders.WebSecurityFilterChainValidator [restartedMain] Usage of authorizeRequests is deprecated. Please use authorizeHttpRequests in the configuration
2025-09-11 14:36:58,671 [WARN] org.springframework.security.config.annotation.web.builders.WebSecurityFilterChainValidator [restartedMain] Usage of authorizeRequests is deprecated. Please use authorizeHttpRequests in the configuration
2025-09-11 14:36:59,692 [INFO] org.springframework.boot.autoconfigure.h2.H2ConsoleAutoConfiguration [restartedMain] H2 console available at '/db-console'. Database available at 'jdbc:h2:file:./db/blogdb'
2025-09-11 14:36:59,797 [INFO] org.springframework.boot.devtools.autoconfigure.OptionalLiveReloadServer [restartedMain] LiveReload server is running on port 35729
2025-09-11 14:37:00,010 [INFO] org.springframework.boot.web.embedded.tomcat.TomcatWebServer [restartedMain] Tomcat started on port 8080 (http) with context path '/'
2025-09-11 14:37:00,071 [INFO] org.study.SpringStarter.SpringStarterApplication [restartedMain] Started SpringStarterApplication in 22.541 seconds (process running for 27.809)
2025-09-11 14:37:01,975 [INFO] org.apache.catalina.core.ContainerBase.[Tomcat].[localhost].[/] [RMI TCP Connection(2)-127.0.0.1] Initializing Spring DispatcherServlet 'dispatcherServlet'
2025-09-11 14:37:01,976 [INFO] org.springframework.web.servlet.DispatcherServlet [RMI TCP Connection(2)-127.0.0.1] Initializing Servlet 'dispatcherServlet'
2025-09-11 14:37:01,982 [INFO] org.springframework.web.servlet.DispatcherServlet [RMI TCP Connection(2)-127.0.0.1] Completed initialization in 3 ms
2025-09-11 14:37:10,819 [WARN] org.thymeleaf.standard.processor.AbstractStandardFragmentInsertionTagProcessor [http-nio-8080-exec-1] [THYMELEAF][http-nio-8080-exec-1][account_views/login] Deprecated unwrapped fragment expression "/fragments/head :: head" found in template account_views/login, line 4, col 7. Please use the complete syntax of fragment expressions instead ("~{/fragments/head :: head}"). The old, unwrapped syntax for fragment expressions will be removed in future versions of Thymeleaf.
2025-09-11 14:37:11,334 [WARN] org.thymeleaf.standard.processor.AbstractStandardFragmentInsertionTagProcessor [http-nio-8080-exec-1] [THYMELEAF][http-nio-8080-exec-1][account_views/login] Deprecated unwrapped fragment expression "/fragments/header :: header" found in template account_views/login, line 13, col 17. Please use the complete syntax of fragment expressions instead ("~{/fragments/header :: header}"). The old, unwrapped syntax for fragment expressions will be removed in future versions of Thymeleaf.
2025-09-11 14:37:11,448 [WARN] org.thymeleaf.standard.processor.AbstractStandardFragmentInsertionTagProcessor [http-nio-8080-exec-1] [THYMELEAF][http-nio-8080-exec-1][account_views/login] Deprecated unwrapped fragment expression "/fragments/footer :: footer" found in template account_views/login, line 61, col 13. Please use the complete syntax of fragment expressions instead ("~{/fragments/footer :: footer}"). The old, unwrapped syntax for fragment expressions will be removed in future versions of Thymeleaf.
2025-09-11 14:37:20,268 [WARN] org.apache.catalina.util.SessionIdGeneratorBase [http-nio-8080-exec-4] Creation of SecureRandom instance for session ID generation using [SHA1PRNG] took [464] milliseconds.
2025-09-11 14:37:20,615 [WARN] org.thymeleaf.standard.processor.AbstractStandardFragmentInsertionTagProcessor [http-nio-8080-exec-3] [THYMELEAF][http-nio-8080-exec-3][home_views/home] Deprecated unwrapped fragment expression "/fragments/head :: head" found in template home_views/home, line 4, col 7. Please use the complete syntax of fragment expressions instead ("~{/fragments/head :: head}"). The old, unwrapped syntax for fragment expressions will be removed in future versions of Thymeleaf.
2025-09-11 14:37:20,634 [WARN] org.thymeleaf.standard.processor.AbstractStandardFragmentInsertionTagProcessor [http-nio-8080-exec-3] [THYMELEAF][http-nio-8080-exec-3][home_views/home] Deprecated unwrapped fragment expression "/fragments/header :: header" found in template home_views/home, line 13, col 13. Please use the complete syntax of fragment expressions instead ("~{/fragments/header :: header}"). The old, unwrapped syntax for fragment expressions will be removed in future versions of Thymeleaf.
2025-09-11 14:37:20,786 [WARN] org.thymeleaf.standard.processor.AbstractStandardFragmentInsertionTagProcessor [http-nio-8080-exec-3] [THYMELEAF][http-nio-8080-exec-3][home_views/home] Deprecated unwrapped fragment expression "/fragments/footer :: footer" found in template home_views/home, line 83, col 11. Please use the complete syntax of fragment expressions instead ("~{/fragments/footer :: footer}"). The old, unwrapped syntax for fragment expressions will be removed in future versions of Thymeleaf.
2025-09-11 14:38:15,496 [INFO] org.springframework.boot.devtools.autoconfigure.LocalDevToolsAutoConfiguration$RestartingClassPathChangeChangedEventListener [File Watcher] Restarting due to 1 class path change (0 additions, 0 deletions, 1 modification)
2025-09-11 14:38:15,542 [INFO] org.springframework.boot.web.embedded.tomcat.GracefulShutdown [Thread-6] Commencing graceful shutdown. Waiting for active requests to complete
2025-09-11 14:38:15,893 [INFO] org.springframework.boot.web.embedded.tomcat.GracefulShutdown [tomcat-shutdown] Graceful shutdown complete
2025-09-11 14:38:15,940 [INFO] org.springframework.orm.jpa.LocalContainerEntityManagerFactoryBean [Thread-6] Closing JPA EntityManagerFactory for persistence unit 'default'
2025-09-11 14:38:16,053 [INFO] com.zaxxer.hikari.HikariDataSource [Thread-6] HikariPool-1 - Shutdown initiated...
2025-09-11 14:38:16,506 [INFO] com.zaxxer.hikari.HikariDataSource [Thread-6] HikariPool-1 - Shutdown completed.
2025-09-11 14:38:17,610 [INFO] org.study.SpringStarter.SpringStarterApplication [restartedMain] Starting SpringStarterApplication using Java 17.0.13 with PID 11092 (D:\dev-spring-boot\Adding template to spring boot\target\classes started by Aditya in D:\dev-spring-boot\Adding template to spring boot)
2025-09-11 14:38:17,632 [DEBUG] org.study.SpringStarter.SpringStarterApplication [restartedMain] Running with Spring Boot v3.5.4, Spring v6.2.9
2025-09-11 14:38:17,650 [INFO] org.study.SpringStarter.SpringStarterApplication [restartedMain] No active profile set, falling back to 1 default profile: "default"
2025-09-11 14:38:19,406 [INFO] org.springframework.data.repository.config.RepositoryConfigurationDelegate [restartedMain] Bootstrapping Spring Data JPA repositories in DEFAULT mode.
2025-09-11 14:38:19,484 [INFO] org.springframework.data.repository.config.RepositoryConfigurationDelegate [restartedMain] Finished Spring Data repository scanning in 69 ms. Found 3 JPA repository interfaces.
2025-09-11 14:38:20,401 [INFO] org.springframework.boot.web.embedded.tomcat.TomcatWebServer [restartedMain] Tomcat initialized with port 8080 (http)
2025-09-11 14:38:20,424 [INFO] org.apache.catalina.core.StandardService [restartedMain] Starting service [Tomcat]
2025-09-11 14:38:20,476 [INFO] org.apache.catalina.core.StandardEngine [restartedMain] Starting Servlet engine: [Apache Tomcat/10.1.43]
2025-09-11 14:38:20,694 [INFO] org.apache.catalina.core.ContainerBase.[Tomcat].[localhost].[/] [restartedMain] Initializing Spring embedded WebApplicationContext
2025-09-11 14:38:20,898 [INFO] org.springframework.boot.web.servlet.context.ServletWebServerApplicationContext [restartedMain] Root WebApplicationContext: initialization completed in 3220 ms
2025-09-11 14:38:21,281 [INFO] org.hibernate.jpa.internal.util.LogHelper [restartedMain] HHH000204: Processing PersistenceUnitInfo [name: default]
2025-09-11 14:38:21,294 [INFO] org.hibernate.cache.internal.RegionFactoryInitiator [restartedMain] HHH000026: Second-level cache disabled
2025-09-11 14:38:21,395 [INFO] org.springframework.orm.jpa.persistenceunit.SpringPersistenceUnitInfo [restartedMain] No LoadTimeWeaver setup: ignoring JPA class transformer
2025-09-11 14:38:21,406 [INFO] com.zaxxer.hikari.HikariDataSource [restartedMain] HikariPool-2 - Starting...
2025-09-11 14:38:21,498 [INFO] com.zaxxer.hikari.pool.HikariPool [restartedMain] HikariPool-2 - Added connection conn10: url=jdbc:h2:file:./db/blogdb user=ADMIN
2025-09-11 14:38:21,545 [INFO] com.zaxxer.hikari.HikariDataSource [restartedMain] HikariPool-2 - Start completed.
2025-09-11 14:38:21,568 [WARN] org.hibernate.orm.deprecation [restartedMain] HHH90000025: H2Dialect does not need to be specified explicitly using 'hibernate.dialect' (remove the property setting and it will be selected by default)
2025-09-11 14:38:21,612 [INFO] org.hibernate.orm.connections.pooling [restartedMain] HHH10001005: Database info:
	Database JDBC URL [Connecting through datasource 'HikariDataSource (HikariPool-2)']
	Database driver: undefined/unknown
	Database version: 2.3.232
	Autocommit mode: undefined/unknown
	Isolation level: undefined/unknown
	Minimum pool size: undefined/unknown
	Maximum pool size: undefined/unknown
2025-09-11 14:38:22,405 [INFO] org.hibernate.engine.transaction.jta.platform.internal.JtaPlatformInitiator [restartedMain] HHH000489: No JTA platform available (set 'hibernate.transaction.jta.platform' to enable JTA platform integration)
2025-09-11 14:38:22,477 [INFO] org.springframework.orm.jpa.LocalContainerEntityManagerFactoryBean [restartedMain] Initialized JPA EntityManagerFactory for persistence unit 'default'
2025-09-11 14:38:23,141 [WARN] org.springframework.boot.autoconfigure.orm.jpa.JpaBaseConfiguration$JpaWebConfiguration [restartedMain] spring.jpa.open-in-view is enabled by default. Therefore, database queries may be performed during view rendering. Explicitly configure spring.jpa.open-in-view to disable this warning
2025-09-11 14:38:23,597 [INFO] org.springframework.boot.actuate.endpoint.web.EndpointLinksResolver [restartedMain] Exposing 1 endpoint beneath base path '/actuator'
2025-09-11 14:38:23,708 [INFO] org.springframework.security.config.annotation.authentication.configuration.InitializeUserDetailsBeanManagerConfigurer$InitializeUserDetailsManagerConfigurer [restartedMain] Global AuthenticationManager configured with UserDetailsService bean with name accountService
2025-09-11 14:38:23,871 [WARN] org.springframework.security.config.annotation.web.builders.WebSecurityFilterChainValidator [restartedMain] Usage of authorizeRequests is deprecated. Please use authorizeHttpRequests in the configuration
2025-09-11 14:38:23,893 [WARN] org.springframework.security.config.annotation.web.builders.WebSecurityFilterChainValidator [restartedMain] Usage of authorizeRequests is deprecated. Please use authorizeHttpRequests in the configuration
2025-09-11 14:38:23,934 [WARN] org.springframework.security.config.annotation.web.builders.WebSecurityFilterChainValidator [restartedMain] Usage of authorizeRequests is deprecated. Please use authorizeHttpRequests in the configuration
2025-09-11 14:38:23,964 [WARN] org.springframework.security.config.annotation.web.builders.WebSecurityFilterChainValidator [restartedMain] Usage of authorizeRequests is deprecated. Please use authorizeHttpRequests in the configuration
2025-09-11 14:38:24,747 [INFO] org.springframework.boot.autoconfigure.h2.H2ConsoleAutoConfiguration [restartedMain] H2 console available at '/db-console'. Database available at 'jdbc:h2:file:./db/blogdb'
2025-09-11 14:38:24,833 [INFO] org.springframework.boot.devtools.autoconfigure.OptionalLiveReloadServer [restartedMain] LiveReload server is running on port 35729
2025-09-11 14:38:25,132 [INFO] org.springframework.boot.web.embedded.tomcat.TomcatWebServer [restartedMain] Tomcat started on port 8080 (http) with context path '/'
2025-09-11 14:38:25,204 [INFO] org.study.SpringStarter.SpringStarterApplication [restartedMain] Started SpringStarterApplication in 8.362 seconds (process running for 112.942)
2025-09-11 14:38:26,039 [INFO] org.springframework.boot.devtools.autoconfigure.ConditionEvaluationDeltaLoggingListener [restartedMain] Condition evaluation unchanged
